<?xml version="1.0" encoding="UTF-8"?>
<!-- Generated by org.testng.reporters.JUnitReportReporter -->
<testsuite hostname="evy" failures="0" tests="1" name="com.evy.tests.EndToEndTest" time="26.328" errors="0" timestamp="2024-07-20T15:43:52 IDT" skipped="0">
  <testcase classname="com.evy.tests.EndToEndTest" name="testUserEnd2EndJourney" time="26.328"/>
</testsuite> <!-- com.evy.tests.EndToEndTest -->
