<?xml version="1.0" encoding="UTF-8"?>
<!-- Generated by org.testng.reporters.JUnitReportReporter -->
<testsuite hostname="evy" failures="0" tests="11" name="com.evy.tests.ProductSearchResultTest" time="74.763" errors="0" timestamp="2024-07-20T15:43:52 IDT" skipped="0">
  <testcase classname="com.evy.tests.ProductSearchResultTest" name="testUserSelectProduct" time="6.361"/>
  <testcase classname="com.evy.tests.ProductSearchResultTest" name="testUserSelectProduct" time="7.737"/>
  <testcase classname="com.evy.tests.ProductSearchResultTest" name="testUserSelectProduct" time="5.694"/>
  <testcase classname="com.evy.tests.ProductSearchResultTest" name="testUserSelectProduct" time="11.756"/>
  <testcase classname="com.evy.tests.ProductSearchResultTest" name="testUserSelectProduct" time="7.489"/>
  <testcase classname="com.evy.tests.ProductSearchResultTest" name="testUserSelectProduct" time="5.721"/>
  <testcase classname="com.evy.tests.ProductSearchResultTest" name="testUserSelectProduct" time="6.028"/>
  <testcase classname="com.evy.tests.ProductSearchResultTest" name="testUserSelectProduct" time="6.299"/>
  <testcase classname="com.evy.tests.ProductSearchResultTest" name="testUserSelectProduct" time="5.297"/>
  <testcase classname="com.evy.tests.ProductSearchResultTest" name="testUserSelectProduct" time="6.954"/>
  <testcase classname="com.evy.tests.ProductSearchResultTest" name="testUserSelectProduct" time="5.427"/>
</testsuite> <!-- com.evy.tests.ProductSearchResultTest -->
