<?xml version="1.0" encoding="UTF-8"?>
<!-- Generated by org.testng.reporters.JUnitReportReporter -->
<testsuite hostname="evy" failures="0" tests="2" name="com.evy.tests.CartTest" time="21.483" errors="0" timestamp="2024-07-20T15:43:52 IDT" skipped="0">
  <testcase classname="com.evy.tests.CartTest" name="testUserDeleteProductFromCart" time="11.910"/>
  <testcase classname="com.evy.tests.CartTest" name="testAddProductToCart" time="9.573"/>
</testsuite> <!-- com.evy.tests.CartTest -->
