<?xml version="1.0" encoding="UTF-8"?>
<!-- Generated by org.testng.reporters.JUnitReportReporter -->
<testsuite hostname="evy" failures="0" tests="25" name="com.evy.tests.ProductDropdownTest" time="118.783" errors="0" timestamp="2024-07-20T15:43:52 IDT" skipped="0">
  <testcase classname="com.evy.tests.ProductDropdownTest" name="testUserSelectCategoriesFromProductDropdown" time="4.482"/>
  <testcase classname="com.evy.tests.ProductDropdownTest" name="testUserSelectCategoriesFromProductDropdown" time="3.101"/>
  <testcase classname="com.evy.tests.ProductDropdownTest" name="testUserSelectCategoriesFromProductDropdown" time="4.175"/>
  <testcase classname="com.evy.tests.ProductDropdownTest" name="testUserSelectCategoriesFromProductDropdown" time="5.515"/>
  <testcase classname="com.evy.tests.ProductDropdownTest" name="testUserSelectCategoriesFromProductDropdown" time="4.702"/>
  <testcase classname="com.evy.tests.ProductDropdownTest" name="testUserSelectCategoriesFromProductDropdown" time="3.220"/>
  <testcase classname="com.evy.tests.ProductDropdownTest" name="testUserSelectCategoriesFromProductDropdown" time="4.667"/>
  <testcase classname="com.evy.tests.ProductDropdownTest" name="testUserSelectCategoriesFromProductDropdown" time="4.532"/>
  <testcase classname="com.evy.tests.ProductDropdownTest" name="testUserSelectCategoriesFromProductDropdown" time="11.359"/>
  <testcase classname="com.evy.tests.ProductDropdownTest" name="testUserSelectCategoriesFromProductDropdown" time="3.745"/>
  <testcase classname="com.evy.tests.ProductDropdownTest" name="testUserSelectCategoriesFromProductDropdown" time="5.061"/>
  <testcase classname="com.evy.tests.ProductDropdownTest" name="testUserSelectCategoriesFromProductDropdown" time="3.977"/>
  <testcase classname="com.evy.tests.ProductDropdownTest" name="testUserSelectCategoriesFromProductDropdown" time="5.235"/>
  <testcase classname="com.evy.tests.ProductDropdownTest" name="testUserSelectCategoriesFromProductDropdown" time="5.161"/>
  <testcase classname="com.evy.tests.ProductDropdownTest" name="testUserSelectCategoriesFromProductDropdown" time="4.269"/>
  <testcase classname="com.evy.tests.ProductDropdownTest" name="testUserSelectCategoriesFromProductDropdown" time="5.335"/>
  <testcase classname="com.evy.tests.ProductDropdownTest" name="testUserSelectCategoriesFromProductDropdown" time="4.063"/>
  <testcase classname="com.evy.tests.ProductDropdownTest" name="testUserSelectCategoriesFromProductDropdown" time="3.828"/>
  <testcase classname="com.evy.tests.ProductDropdownTest" name="testUserSelectCategoriesFromProductDropdown" time="4.723"/>
  <testcase classname="com.evy.tests.ProductDropdownTest" name="testUserSelectCategoriesFromProductDropdown" time="5.347"/>
  <testcase classname="com.evy.tests.ProductDropdownTest" name="testUserSelectCategoriesFromProductDropdown" time="3.633"/>
  <testcase classname="com.evy.tests.ProductDropdownTest" name="testUserSelectCategoriesFromProductDropdown" time="4.085"/>
  <testcase classname="com.evy.tests.ProductDropdownTest" name="testUserSelectCategoriesFromProductDropdown" time="5.184"/>
  <testcase classname="com.evy.tests.ProductDropdownTest" name="testUserSelectCategoriesFromProductDropdown" time="4.772"/>
  <testcase classname="com.evy.tests.ProductDropdownTest" name="testUserSelectCategoriesFromProductDropdown" time="4.612"/>
</testsuite> <!-- com.evy.tests.ProductDropdownTest -->
