<?xml version="1.0" encoding="UTF-8"?>
<!-- Generated by org.testng.reporters.JUnitReportReporter -->
<testsuite hostname="evy" failures="0" tests="6" name="com.evy.tests.LoginTest" time="47.840" errors="0" timestamp="2024-07-20T15:43:52 IDT" skipped="0">
  <testcase classname="com.evy.tests.LoginTest" name="testUserLoginScenarios" time="8.778"/>
  <testcase classname="com.evy.tests.LoginTest" name="testUserLoginScenarios" time="9.870"/>
  <testcase classname="com.evy.tests.LoginTest" name="testUserLoginScenarios" time="7.869"/>
  <testcase classname="com.evy.tests.LoginTest" name="testUserLoginScenarios" time="8.861"/>
  <testcase classname="com.evy.tests.LoginTest" name="testUserLoginScenarios" time="5.292"/>
  <testcase classname="com.evy.tests.LoginTest" name="testUserLoginScenarios" time="7.170"/>
</testsuite> <!-- com.evy.tests.LoginTest -->
